[I 2023-12-02 18:41:15,412] A new study created in memory with name: no-name-5023dafd-52d8-4e10-a917-c3fd267a8c15
[I 2023-12-02 18:41:50,908] Trial 0 finished with value: 0.7258234436313311 and parameters: {'lookback': 5, 'lr': 0.00014224691756649973, 'n_nodes': 60, 'n_layers': 1, 'dropout_rate': 0.4077754143084422}. Best is trial 0 with value: 0.7258234436313311.
[I 2023-12-02 18:42:11,726] Trial 1 finished with value: 0.784764147230557 and parameters: {'lookback': 50, 'lr': 0.012033742156883034, 'n_nodes': 20, 'n_layers': 3, 'dropout_rate': 0.3653365107348804}. Best is trial 0 with value: 0.7258234436313311.
[I 2023-12-02 18:42:25,326] Trial 2 finished with value: 0.6251867021123568 and parameters: {'lookback': 25, 'lr': 4.429180833052379e-05, 'n_nodes': 80, 'n_layers': 2, 'dropout_rate': 0.43580536907719825}. Best is trial 2 with value: 0.6251867021123568.
[I 2023-12-02 18:42:41,620] Trial 3 finished with value: 0.6537919787069162 and parameters: {'lookback': 20, 'lr': 6.828243360884345e-05, 'n_nodes': 60, 'n_layers': 3, 'dropout_rate': 0.43940777367886996}. Best is trial 2 with value: 0.6251867021123568.
[I 2023-12-02 18:42:55,072] Trial 4 finished with value: 0.6651773646473884 and parameters: {'lookback': 25, 'lr': 1.079938013293527e-05, 'n_nodes': 40, 'n_layers': 2, 'dropout_rate': 0.4228537180696613}. Best is trial 2 with value: 0.6251867021123568.
[I 2023-12-02 18:43:16,707] Trial 5 finished with value: 0.8021121599844524 and parameters: {'lookback': 50, 'lr': 0.0005735836614826178, 'n_nodes': 40, 'n_layers': 3, 'dropout_rate': 0.24784450074346798}. Best is trial 2 with value: 0.6251867021123568.
[I 2023-12-02 18:43:26,556] Trial 6 finished with value: 2.081514480174519 and parameters: {'lookback': 30, 'lr': 0.022729725848815514, 'n_nodes': 70, 'n_layers': 1, 'dropout_rate': 0.2736786056467633}. Best is trial 2 with value: 0.6251867021123568.
[I 2023-12-02 18:43:41,086] Trial 7 finished with value: 0.7118003100156785 and parameters: {'lookback': 15, 'lr': 0.0003783559247179485, 'n_nodes': 40, 'n_layers': 3, 'dropout_rate': 0.24274966976919338}. Best is trial 2 with value: 0.6251867021123568.
[I 2023-12-02 18:43:59,042] Trial 8 finished with value: 0.7257801105578741 and parameters: {'lookback': 30, 'lr': 0.06369133162156826, 'n_nodes': 50, 'n_layers': 3, 'dropout_rate': 0.2173153242563392}. Best is trial 2 with value: 0.6251867021123568.
[I 2023-12-02 18:44:09,910] Trial 9 finished with value: 0.6857585700849692 and parameters: {'lookback': 45, 'lr': 2.1581360323526288e-05, 'n_nodes': 80, 'n_layers': 1, 'dropout_rate': 0.41638280293900426}. Best is trial 2 with value: 0.6251867021123568.
[I 2023-12-02 18:44:27,801] Trial 10 finished with value: 1.1436513377619641 and parameters: {'lookback': 60, 'lr': 0.0029273588825977515, 'n_nodes': 100, 'n_layers': 2, 'dropout_rate': 0.4993248250103383}. Best is trial 2 with value: 0.6251867021123568.
[I 2023-12-02 18:44:39,667] Trial 11 finished with value: 0.721067264676094 and parameters: {'lookback': 15, 'lr': 6.308262210861034e-05, 'n_nodes': 90, 'n_layers': 2, 'dropout_rate': 0.4750224304341554}. Best is trial 2 with value: 0.6251867021123568.
[I 2023-12-02 18:44:51,988] Trial 12 finished with value: 0.649930234067142 and parameters: {'lookback': 20, 'lr': 5.949772180632902e-05, 'n_nodes': 70, 'n_layers': 2, 'dropout_rate': 0.45919376428469605}. Best is trial 2 with value: 0.6251867021123568.
[I 2023-12-02 18:45:07,782] Trial 13 finished with value: 0.7115238439291716 and parameters: {'lookback': 40, 'lr': 2.8227584560466502e-05, 'n_nodes': 80, 'n_layers': 2, 'dropout_rate': 0.45694135410832865}. Best is trial 2 with value: 0.6251867021123568.
[I 2023-12-02 18:45:17,822] Trial 14 finished with value: 0.7465530350804329 and parameters: {'lookback': 5, 'lr': 0.00019362602366577002, 'n_nodes': 100, 'n_layers': 2, 'dropout_rate': 0.3759436040966545}. Best is trial 2 with value: 0.6251867021123568.
[I 2023-12-02 18:45:32,685] Trial 15 finished with value: 0.8387219866892944 and parameters: {'lookback': 35, 'lr': 0.0012062445721573605, 'n_nodes': 80, 'n_layers': 2, 'dropout_rate': 0.4956453968234186}. Best is trial 2 with value: 0.6251867021123568.
[I 2023-12-02 18:45:41,245] Trial 16 finished with value: 0.6913988053798675 and parameters: {'lookback': 15, 'lr': 1.0634088067539393e-05, 'n_nodes': 70, 'n_layers': 1, 'dropout_rate': 0.33017199367642674}. Best is trial 2 with value: 0.6251867021123568.
[I 2023-12-02 18:45:54,164] Trial 17 finished with value: 0.6572528198361397 and parameters: {'lookback': 25, 'lr': 7.048039457282658e-05, 'n_nodes': 10, 'n_layers': 2, 'dropout_rate': 0.4544253713480204}. Best is trial 2 with value: 0.6251867021123568.
[I 2023-12-02 18:46:02,143] Trial 18 finished with value: 0.9595822835961978 and parameters: {'lookback': 10, 'lr': 0.00017134212605167444, 'n_nodes': 90, 'n_layers': 1, 'dropout_rate': 0.40027812696256676}. Best is trial 2 with value: 0.6251867021123568.
[I 2023-12-02 18:46:15,369] Trial 19 finished with value: 0.6320717791716258 and parameters: {'lookback': 25, 'lr': 4.053338766588012e-05, 'n_nodes': 70, 'n_layers': 2, 'dropout_rate': 0.46551145512851744}. Best is trial 2 with value: 0.6251867021123568.
[I 2023-12-02 18:46:30,104] Trial 20 finished with value: 0.6753337661425273 and parameters: {'lookback': 35, 'lr': 2.8818074443550412e-05, 'n_nodes': 50, 'n_layers': 2, 'dropout_rate': 0.3371366945285683}. Best is trial 2 with value: 0.6251867021123568.
[I 2023-12-02 18:46:43,551] Trial 21 finished with value: 0.6326038678487141 and parameters: {'lookback': 25, 'lr': 3.619256284126238e-05, 'n_nodes': 70, 'n_layers': 2, 'dropout_rate': 0.46570534443789036}. Best is trial 2 with value: 0.6251867021123568.
[I 2023-12-02 18:46:56,908] Trial 22 finished with value: 0.6338516915837924 and parameters: {'lookback': 25, 'lr': 2.5817142937568537e-05, 'n_nodes': 90, 'n_layers': 2, 'dropout_rate': 0.437234738321608}. Best is trial 2 with value: 0.6251867021123568.
[I 2023-12-02 18:47:10,798] Trial 23 finished with value: 0.8111689565082391 and parameters: {'lookback': 30, 'lr': 0.0001195752874945238, 'n_nodes': 70, 'n_layers': 2, 'dropout_rate': 0.47988151283083325}. Best is trial 2 with value: 0.6251867021123568.
[I 2023-12-02 18:47:23,351] Trial 24 finished with value: 0.6872881653408209 and parameters: {'lookback': 20, 'lr': 1.0166952848294069e-05, 'n_nodes': 60, 'n_layers': 2, 'dropout_rate': 0.47309228634657396}. Best is trial 2 with value: 0.6251867021123568.
[I 2023-12-02 18:47:33,879] Trial 25 finished with value: 0.8032215217749278 and parameters: {'lookback': 40, 'lr': 0.0003455538606844667, 'n_nodes': 80, 'n_layers': 1, 'dropout_rate': 0.4340298745255357}. Best is trial 2 with value: 0.6251867021123568.
[I 2023-12-02 18:47:50,913] Trial 26 finished with value: 0.624726506570975 and parameters: {'lookback': 25, 'lr': 4.036175805423399e-05, 'n_nodes': 90, 'n_layers': 3, 'dropout_rate': 0.39124341198634544}. Best is trial 26 with value: 0.624726506570975.
[I 2023-12-02 18:48:10,739] Trial 27 finished with value: 0.6216595287124316 and parameters: {'lookback': 35, 'lr': 0.0001174630195099629, 'n_nodes': 100, 'n_layers': 3, 'dropout_rate': 0.39544754507078755}. Best is trial 27 with value: 0.6216595287124316.
[I 2023-12-02 18:48:31,423] Trial 28 finished with value: 0.6403228973348936 and parameters: {'lookback': 40, 'lr': 9.994797705961756e-05, 'n_nodes': 100, 'n_layers': 3, 'dropout_rate': 0.3889597908251514}. Best is trial 27 with value: 0.6216595287124316.
[I 2023-12-02 18:48:51,220] Trial 29 finished with value: 0.8733086747427782 and parameters: {'lookback': 35, 'lr': 0.00018513974954420707, 'n_nodes': 90, 'n_layers': 3, 'dropout_rate': 0.4090824212366869}. Best is trial 27 with value: 0.6216595287124316.
